<?xml version='1.0' encoding='UTF-8'?>
<testsuites name='SonarDemoAppUITests.xctest' tests='4' failures='0'>
  <testsuite name='SonarDemoAppTests.SonarDemoAppTests' tests='2' failures='0'>
    <testcase classname='SonarDemoAppTests.SonarDemoAppTests' name='testExample' time='0.001'/>
    <testcase classname='SonarDemoAppTests.SonarDemoAppTests' name='testPerformanceExample' time='0.283'/>
  </testsuite>
  <testsuite name='SonarDemoAppUITests.SonarDemoAppUITests' tests='2' failures='0'>
    <testcase classname='SonarDemoAppUITests.SonarDemoAppUITests' name='testExample' time='2.016'/>
    <testcase classname='SonarDemoAppUITests.SonarDemoAppUITests' name='testLaunchPerformance' time='17.440'/>
  </testsuite>
</testsuites>